12:02:48.402 INFO [GridLauncherV3.parse] - Selenium server version: 3.141.59, revision: e82be7d358
12:02:48.484 INFO [GridLauncherV3.lambda$buildLaunchers$3] - Launching a standalone Selenium Server on port 4444
2018-12-24 12:02:48.529:INFO::main: Logging initialized @330ms to org.seleniumhq.jetty9.util.log.StdErrLog
12:02:48.736 INFO [WebDriverServlet.<init>] - Initialising WebDriverServlet
12:02:48.820 INFO [SeleniumServer.boot] - Selenium Server is up and running on port 4444
12:02:49.085 INFO [ActiveSessionFactory.apply] - Capabilities are: {
  "acceptInsecureCerts": true,
  "acceptSslCerts": true,
  "browserName": "chrome",
  "chromeOptions": {
    "args": [
      "start-fullscreen",
      "no-sandbox",
      "disable-web-security",
      "ignore-certificate-errors",
      "allow-insecure-localhost",
      "disable-gpu",
      "window-size=1280,1696"
    ]
  },
  "javascriptEnabled": true,
  "name": "Demo Test",
  "networkConnectionEnabled": true
}
12:02:49.087 INFO [ActiveSessionFactory.lambda$apply$11] - Matched factory org.openqa.selenium.grid.session.remote.ServicedSession$Factory (provider: org.openqa.selenium.chrome.ChromeDriverService)
Starting ChromeDriver 2.45.615279 (12b89733300bd268cff3b78fc76cb8f3a7cc44e5) on port 11467
Only local connections are allowed.
12:02:50.004 INFO [ProtocolHandshake.createSession] - Detected dialect: OSS
12:02:50.311 INFO [RemoteSession$Factory.lambda$performHandshake$0] - Started new session 43a0a5397248ff3b9babf3d2ae08ddf9 (org.openqa.selenium.chrome.ChromeDriverService)
12:03:06.920 INFO [ActiveSessions$1.onStop] - Removing session 43a0a5397248ff3b9babf3d2ae08ddf9 (org.openqa.selenium.chrome.ChromeDriverService)
